<?xml version="1.0" encoding="UTF-8"?>
<testng-results skipped="1" failed="0" total="1" passed="0">
  <reporter-output>
  </reporter-output>
  <suite name="Default suite" duration-ms="27" started-at="2019-04-03T19:52:16Z" finished-at="2019-04-03T19:52:16Z">
    <groups>
    </groups>
    <test name="Default test" duration-ms="27" started-at="2019-04-03T19:52:16Z" finished-at="2019-04-03T19:52:16Z">
      <class name="Academy.HomePage">
        <test-method status="SKIP" signature="basepageNavigation(java.lang.String, java.lang.String)[pri:0, instance:Academy.HomePage@46d56d67]" name="basepageNavigation" duration-ms="0" started-at="2019-04-04T01:22:16Z" data-provider="SearchProvider" finished-at="2019-04-04T01:22:16Z">
          <exception class="org.testng.TestNGException">
            <message>
              <![CDATA[
Some DataProvider public static java.lang.Object[][] Resources.dataproviderClass.getData(org.apache.bcel.classfile.Method) parameters unresolved:  at 1 type class org.apache.bcel.classfile.Method
]]>
            </message>
            <full-stacktrace>
              <![CDATA[org.testng.TestNGException: 
Some DataProvider public static java.lang.Object[][] Resources.dataproviderClass.getData(org.apache.bcel.classfile.Method) parameters unresolved:  at 1 type class org.apache.bcel.classfile.Method

	at org.testng.internal.MethodInvocationHelper.invokeDataProvider(MethodInvocationHelper.java:129)
	at org.testng.internal.Parameters.handleParameters(Parameters.java:441)
	at org.testng.internal.Invoker.handleParameters(Invoker.java:1300)
	at org.testng.internal.Invoker.createParameters(Invoker.java:1015)
	at org.testng.internal.Invoker.invokeTestMethods(Invoker.java:1104)
	at org.testng.internal.TestMethodWorker.invokeTestMethods(TestMethodWorker.java:125)
	at org.testng.internal.TestMethodWorker.run(TestMethodWorker.java:108)
	at org.testng.TestRunner.privateRun(TestRunner.java:771)
	at org.testng.TestRunner.run(TestRunner.java:621)
	at org.testng.SuiteRunner.runTest(SuiteRunner.java:357)
	at org.testng.SuiteRunner.runSequentially(SuiteRunner.java:352)
	at org.testng.SuiteRunner.privateRun(SuiteRunner.java:310)
	at org.testng.SuiteRunner.run(SuiteRunner.java:259)
	at org.testng.SuiteRunnerWorker.runSuite(SuiteRunnerWorker.java:52)
	at org.testng.SuiteRunnerWorker.run(SuiteRunnerWorker.java:86)
	at org.testng.TestNG.runSuitesSequentially(TestNG.java:1199)
	at org.testng.TestNG.runSuitesLocally(TestNG.java:1124)
	at org.testng.TestNG.run(TestNG.java:1032)
	at org.testng.remote.AbstractRemoteTestNG.run(AbstractRemoteTestNG.java:114)
	at org.testng.remote.RemoteTestNG.initAndRun(RemoteTestNG.java:251)
	at org.testng.remote.RemoteTestNG.main(RemoteTestNG.java:77)
]]>
            </full-stacktrace>
          </exception> <!-- org.testng.TestNGException -->
          <reporter-output>
          </reporter-output>
        </test-method> <!-- basepageNavigation -->
      </class> <!-- Academy.HomePage -->
    </test> <!-- Default test -->
  </suite> <!-- Default suite -->
</testng-results>
